<?xml version="1.0" encoding="UTF-8"?>
<!-- Generated by org.testng.reporters.JUnitXMLReporter -->
<testsuite hostname="DESKTOP-56FMGKP" ignored="0" name="firefox Test" tests="1" failures="1" timestamp="25 Feb 2023 13:19:46 GMT" time="2.603" errors="0">
  <testcase name="tc" time="2.597" classname="org.project.Q6_Greens">
    <failure type="org.openqa.selenium.WebDriverException" message="Cannot find firefox binary in PATH. Make sure firefox is installed. OS appears to be: WIN10
Build info: version: &amp;apos;3.141.59&amp;apos;, revision: &amp;apos;e82be7d358&amp;apos;, time: &amp;apos;2018-11-14T08:17:03&amp;apos;
System info: host: &amp;apos;DESKTOP-56FMGKP&amp;apos;, ip: &amp;apos;192.168.11.225&amp;apos;, os.name: &amp;apos;Windows 10&amp;apos;, os.arch: &amp;apos;x86&amp;apos;, os.version: &amp;apos;10.0&amp;apos;, java.version: &amp;apos;1.8.0_351&amp;apos;
Driver info: driver.version: FirefoxDriver">
      <![CDATA[org.openqa.selenium.WebDriverException: Cannot find firefox binary in PATH. Make sure firefox is installed. OS appears to be: WIN10
Build info: version: '3.141.59', revision: 'e82be7d358', time: '2018-11-14T08:17:03'
System info: host: 'DESKTOP-56FMGKP', ip: '192.168.11.225', os.name: 'Windows 10', os.arch: 'x86', os.version: '10.0', java.version: '1.8.0_351'
Driver info: driver.version: FirefoxDriver
at org.openqa.selenium.firefox.FirefoxBinary.<init>(FirefoxBinary.java:100)
at java.util.Optional.orElseGet(Unknown Source)
at org.openqa.selenium.firefox.FirefoxOptions.getBinary(FirefoxOptions.java:216)
at org.openqa.selenium.firefox.FirefoxDriver.toExecutor(FirefoxDriver.java:187)
at org.openqa.selenium.firefox.FirefoxDriver.<init>(FirefoxDriver.java:147)
at org.openqa.selenium.firefox.FirefoxDriver.<init>(FirefoxDriver.java:125)
at org.globalclass.GlobalClass.browserLanch(GlobalClass.java:61)
at org.project.Q6_Greens.tc(Q6_Greens.java:18)
at java.util.concurrent.ThreadPoolExecutor.runWorker(Unknown Source)
at java.util.concurrent.ThreadPoolExecutor$Worker.run(Unknown Source)
at java.lang.Thread.run(Unknown Source)
... Removed 10 stack frames]]>
    </failure>
  </testcase> <!-- tc -->
</testsuite> <!-- firefox Test -->
